{
  "RSpec": {
    "coverage": {
      "/Users/millstone/Turing/4Module/rails_falcons/app/helpers/application_helper.rb": [
        1,
        null
      ],
      "/Users/millstone/Turing/4Module/rails_falcons/app/controllers/api/v1/news_controller.rb": [
        1,
        null,
        null,
        1,
        1,
        1,
        null,
        null,
        null
      ],
      "/Users/millstone/Turing/4Module/rails_falcons/app/controllers/application_controller.rb": [
        1,
        null
      ],
      "/Users/millstone/Turing/4Module/rails_falcons/app/facades/news_facade.rb": [
        1,
        1,
        1,
        1,
        1,
        null,
        null,
        1,
        1,
        null,
        null
      ],
      "/Users/millstone/Turing/4Module/rails_falcons/app/serializers/news_serializer.rb": [
        1,
        1,
        1,
        null
      ],
      "/Users/millstone/Turing/4Module/rails_falcons/app/services/fantasy_service.rb": [
        1,
        1,
        1,
        1,
        1,
        null,
        null,
        null,
        1,
        1,
        1,
        1,
        null,
        null
      ]
    },
    "timestamp": 1551129464
  }
}
