{
  "RSpec": {
    "coverage": {
      "/Users/millstone/Turing/4Module/rails_falcons/app/helpers/application_helper.rb": [
        1,
        null
      ],
      "/Users/millstone/Turing/4Module/rails_falcons/app/models/favorite.rb": [
        1,
        1,
        1,
        null,
        1,
        null
      ],
      "/Users/millstone/Turing/4Module/rails_falcons/app/models/application_record.rb": [
        1,
        1,
        null
      ],
      "/Users/millstone/Turing/4Module/rails_falcons/spec/models/user_favorite_spec.rb": [
        1,
        null,
        1,
        1,
        2,
        2,
        null,
        null
      ],
      "/Users/millstone/Turing/4Module/rails_falcons/app/models/user_favorite.rb": [
        1,
        1,
        1,
        null
      ],
      "/Users/millstone/Turing/4Module/rails_falcons/spec/models/user_spec.rb": [
        1,
        1,
        1,
        1,
        2,
        2,
        null,
        null,
        null,
        1,
        1,
        2,
        2,
        null,
        null,
        null,
        null
      ],
      "/Users/millstone/Turing/4Module/rails_falcons/app/models/user.rb": [
        1,
        1,
        1,
        1,
        null,
        1,
        null,
        1,
        null
      ],
      "/Users/millstone/Turing/4Module/rails_falcons/spec/requests/get_news_request_spec.rb": [
        null,
        1,
        null,
        null,
        1,
        1,
        null,
        1,
        null,
        1,
        null,
        1,
        1,
        null,
        null
      ],
      "/Users/millstone/Turing/4Module/rails_falcons/spec/requests/new_user_request_spec.rb": [
        null,
        1,
        null,
        1,
        1,
        null,
        1,
        null,
        1,
        null,
        1,
        null,
        1,
        1,
        1,
        1,
        null,
        null
      ],
      "/Users/millstone/Turing/4Module/rails_falcons/spec/requests/user_login_request_spec.rb": [
        1,
        null,
        1,
        1,
        1,
        null,
        1,
        null,
        1,
        null,
        1,
        null,
        1,
        1,
        1,
        null,
        null
      ],
      "/Users/millstone/Turing/4Module/rails_falcons/spec/factories/favorites.rb": [
        1,
        1,
        null,
        null,
        null
      ],
      "/Users/millstone/Turing/4Module/rails_falcons/spec/factories/user_favorites.rb": [
        1,
        1,
        null,
        null,
        null
      ],
      "/Users/millstone/Turing/4Module/rails_falcons/spec/factories/users.rb": [
        1,
        1,
        1,
        1,
        null,
        null
      ],
      "/Users/millstone/Turing/4Module/rails_falcons/app/controllers/api/v1/news_controller.rb": [
        1,
        null,
        null,
        1,
        1,
        1,
        null,
        null,
        null
      ],
      "/Users/millstone/Turing/4Module/rails_falcons/app/controllers/application_controller.rb": [
        1,
        null
      ],
      "/Users/millstone/Turing/4Module/rails_falcons/app/facades/news_facade.rb": [
        1,
        1,
        1,
        1,
        1,
        null,
        null,
        1,
        1,
        null,
        null
      ],
      "/Users/millstone/Turing/4Module/rails_falcons/app/serializers/news_serializer.rb": [
        1,
        1,
        1,
        null
      ],
      "/Users/millstone/Turing/4Module/rails_falcons/app/services/fantasy_service.rb": [
        1,
        1,
        1,
        1,
        1,
        null,
        null,
        null,
        1,
        1,
        1,
        1,
        null,
        null
      ],
      "/Users/millstone/Turing/4Module/rails_falcons/app/controllers/api/v1/users_controller.rb": [
        1,
        1,
        1,
        1,
        1,
        null,
        0,
        null,
        null,
        null,
        1,
        null,
        1,
        1,
        null,
        null
      ],
      "/Users/millstone/Turing/4Module/rails_falcons/app/serializers/user_serializer.rb": [
        1,
        1,
        1,
        null
      ],
      "/Users/millstone/Turing/4Module/rails_falcons/app/controllers/api/v1/sessions_controller.rb": [
        1,
        1,
        1,
        1,
        1,
        1,
        null,
        0,
        null,
        null,
        null,
        null,
        1,
        null,
        1,
        2,
        null,
        null
      ]
    },
    "timestamp": 1551218283
  }
}
